<?xml version="1.0" encoding="UTF-8"?>
<testng-results skipped="0" failed="0" ignored="0" total="1" passed="1">
  <reporter-output>
  </reporter-output>
  <suite name="Command line suite" duration-ms="111357" started-at="2020-05-09T12:55:35Z" finished-at="2020-05-09T12:57:27Z">
    <groups>
    </groups>
    <test name="Command line test" duration-ms="111357" started-at="2020-05-09T12:55:35Z" finished-at="2020-05-09T12:57:27Z">
      <class name="TestCase.TestCase">
        <test-method status="PASS" signature="setup()[pri:0, instance:TestCase.TestCase@614c5515]" name="setup" is-config="true" duration-ms="18063" started-at="2020-05-09T12:55:35Z" finished-at="2020-05-09T12:55:54Z">
          <reporter-output>
          </reporter-output>
        </test-method> <!-- setup -->
        <test-method status="PASS" signature="vaidations(java.lang.String, java.lang.String)[pri:0, instance:TestCase.TestCase@614c5515]" name="vaidations" duration-ms="92059" started-at="2020-05-09T12:55:54Z" data-provider="signindetails" finished-at="2020-05-09T12:57:26Z">
          <params>
            <param index="0">
              <value>
                <![CDATA[raajeshwaribarman1@gmail.com]]>
              </value>
            </param>
            <param index="1">
              <value>
                <![CDATA[23011993]]>
              </value>
            </param>
          </params>
          <reporter-output>
          </reporter-output>
        </test-method> <!-- vaidations -->
        <test-method status="PASS" signature="tear()[pri:0, instance:TestCase.TestCase@614c5515]" name="tear" is-config="true" duration-ms="1184" started-at="2020-05-09T12:57:26Z" finished-at="2020-05-09T12:57:27Z">
          <reporter-output>
          </reporter-output>
        </test-method> <!-- tear -->
      </class> <!-- TestCase.TestCase -->
    </test> <!-- Command line test -->
  </suite> <!-- Command line suite -->
</testng-results>
